2020-04-13 11:23:38.024  INFO 18532 --- [main] com.lgr.BlogApplication             : Starting BlogApplication on LAPTOP-SG60U5TO with PID 18532 (D:\Blog\blog\target\classes started by MacieSerenity in D:\Blog\blog)
2020-04-13 11:23:38.031  INFO 18532 --- [main] com.lgr.BlogApplication             : The following profiles are active: pro
2020-04-13 11:23:40.629  INFO 18532 --- [main] com.lgr.BlogApplication             : Started BlogApplication in 3.755 seconds (JVM running for 6.345)
2020-04-13 11:24:30.802  INFO 19648 --- [main] com.lgr.BlogApplication             : Starting BlogApplication on LAPTOP-SG60U5TO with PID 19648 (D:\Blog\blog\target\classes started by MacieSerenity in D:\Blog\blog)
2020-04-13 11:24:30.812  INFO 19648 --- [main] com.lgr.BlogApplication             : The following profiles are active: pro
2020-04-13 11:24:33.422  INFO 19648 --- [main] com.lgr.BlogApplication             : Started BlogApplication in 3.368 seconds (JVM running for 5.543)
2020-04-13 11:26:30.903  INFO 29672 --- [main] com.lgr.BlogApplication             : Starting BlogApplication on LAPTOP-SG60U5TO with PID 29672 (D:\Blog\blog\target\classes started by MacieSerenity in D:\Blog\blog)
2020-04-13 11:26:30.906  INFO 29672 --- [main] com.lgr.BlogApplication             : The following profiles are active: pro
2020-04-13 11:26:32.093  INFO 29672 --- [main] com.lgr.BlogApplication             : Started BlogApplication in 1.533 seconds (JVM running for 2.752)
2020-04-13 11:28:22.862  INFO 15916 --- [main] com.lgr.BlogApplication             : Starting BlogApplication on LAPTOP-SG60U5TO with PID 15916 (D:\Blog\blog\target\classes started by MacieSerenity in D:\Blog\blog)
2020-04-13 11:28:22.864  INFO 15916 --- [main] com.lgr.BlogApplication             : The following profiles are active: pro
2020-04-13 11:28:24.392  INFO 15916 --- [main] com.lgr.BlogApplication             : Started BlogApplication in 1.931 seconds (JVM running for 3.315)
2020-04-13 11:30:28.570  INFO 26144 --- [main] com.lgr.BlogApplication             : Starting BlogApplication on LAPTOP-SG60U5TO with PID 26144 (D:\Blog\blog\target\classes started by MacieSerenity in D:\Blog\blog)
2020-04-13 11:30:28.573  INFO 26144 --- [main] com.lgr.BlogApplication             : The following profiles are active: pro
2020-04-13 11:30:29.693  INFO 26144 --- [main] com.lgr.BlogApplication             : Started BlogApplication in 1.472 seconds (JVM running for 2.8)
2020-04-13 11:35:16.448  INFO 10280 --- [main] com.lgr.BlogApplication             : Starting BlogApplication on LAPTOP-SG60U5TO with PID 10280 (D:\Blog\blog\target\classes started by MacieSerenity in D:\Blog\blog)
2020-04-13 11:35:16.450  INFO 10280 --- [main] com.lgr.BlogApplication             : The following profiles are active: pro
2020-04-13 11:35:17.728  INFO 10280 --- [main] com.lgr.BlogApplication             : Started BlogApplication in 1.601 seconds (JVM running for 2.863)
2020-04-13 11:37:19.712  INFO 14212 --- [main] com.lgr.BlogApplication             : Starting BlogApplication on LAPTOP-SG60U5TO with PID 14212 (D:\Blog\blog\target\classes started by MacieSerenity in D:\Blog\blog)
2020-04-13 11:37:19.715  INFO 14212 --- [main] com.lgr.BlogApplication             : The following profiles are active: pro
2020-04-13 11:37:20.791  INFO 14212 --- [main] com.lgr.BlogApplication             : Started BlogApplication in 1.422 seconds (JVM running for 2.618)
2020-04-13 11:38:58.892  INFO 17312 --- [main] com.lgr.BlogApplication             : Starting BlogApplication on LAPTOP-SG60U5TO with PID 17312 (D:\Blog\blog\target\classes started by MacieSerenity in D:\Blog\blog)
2020-04-13 11:38:58.894  INFO 17312 --- [main] com.lgr.BlogApplication             : The following profiles are active: pro
2020-04-13 11:38:59.978  INFO 17312 --- [main] com.lgr.BlogApplication             : Started BlogApplication in 1.443 seconds (JVM running for 2.705)
2020-04-13 11:40:16.570  INFO 10872 --- [main] com.lgr.BlogApplication             : Starting BlogApplication on LAPTOP-SG60U5TO with PID 10872 (D:\Blog\blog\target\classes started by MacieSerenity in D:\Blog\blog)
2020-04-13 11:40:16.573  INFO 10872 --- [main] com.lgr.BlogApplication             : The following profiles are active: pro
2020-04-13 11:40:18.197  INFO 10872 --- [main] com.lgr.BlogApplication             : Started BlogApplication in 1.985 seconds (JVM running for 3.319)
2020-04-13 11:42:44.927  INFO 12684 --- [main] com.lgr.BlogApplication             : Starting BlogApplication on LAPTOP-SG60U5TO with PID 12684 (D:\Blog\blog\target\classes started by MacieSerenity in D:\Blog\blog)
2020-04-13 11:42:44.930  INFO 12684 --- [main] com.lgr.BlogApplication             : The following profiles are active: pro
2020-04-13 11:42:46.617  INFO 12684 --- [main] com.lgr.BlogApplication             : Started BlogApplication in 2.041 seconds (JVM running for 3.256)
2020-04-13 11:45:19.452  INFO 16368 --- [main] com.lgr.BlogApplication             : Starting BlogApplication on LAPTOP-SG60U5TO with PID 16368 (D:\Blog\blog\target\classes started by MacieSerenity in D:\Blog\blog)
2020-04-13 11:45:19.455  INFO 16368 --- [main] com.lgr.BlogApplication             : The following profiles are active: pro
2020-04-13 11:45:20.992  INFO 16368 --- [main] com.lgr.BlogApplication             : Started BlogApplication in 1.884 seconds (JVM running for 3.197)
2020-04-13 11:46:20.207  INFO 27532 --- [main] com.lgr.BlogApplication             : Starting BlogApplication on LAPTOP-SG60U5TO with PID 27532 (D:\Blog\blog\target\classes started by MacieSerenity in D:\Blog\blog)
2020-04-13 11:46:20.210  INFO 27532 --- [main] com.lgr.BlogApplication             : The following profiles are active: pro
2020-04-13 11:46:22.000  INFO 27532 --- [main] com.lgr.BlogApplication             : Started BlogApplication in 2.179 seconds (JVM running for 3.39)
2020-04-13 11:48:59.266  INFO 16672 --- [main] com.lgr.BlogApplication             : Starting BlogApplication on LAPTOP-SG60U5TO with PID 16672 (D:\Blog\blog\target\classes started by MacieSerenity in D:\Blog\blog)
2020-04-13 11:48:59.269  INFO 16672 --- [main] com.lgr.BlogApplication             : The following profiles are active: pro
2020-04-13 11:49:00.763  INFO 16672 --- [main] com.lgr.BlogApplication             : Started BlogApplication in 1.867 seconds (JVM running for 3.137)
2020-04-13 11:50:47.587  INFO 21124 --- [main] com.lgr.BlogApplication             : Starting BlogApplication on LAPTOP-SG60U5TO with PID 21124 (D:\Blog\blog\target\classes started by MacieSerenity in D:\Blog\blog)
2020-04-13 11:50:47.592  INFO 21124 --- [main] com.lgr.BlogApplication             : The following profiles are active: pro
2020-04-13 11:50:49.353  INFO 21124 --- [main] com.lgr.BlogApplication             : Started BlogApplication in 2.14 seconds (JVM running for 3.456)
2020-04-13 11:56:28.930  INFO 18064 --- [main] com.lgr.BlogApplication             : Starting BlogApplication on LAPTOP-SG60U5TO with PID 18064 (D:\Blog\blog\target\classes started by MacieSerenity in D:\Blog\blog)
2020-04-13 11:56:28.933  INFO 18064 --- [main] com.lgr.BlogApplication             : The following profiles are active: pro
2020-04-13 11:56:31.756  INFO 18064 --- [main] com.lgr.BlogApplication             : Started BlogApplication in 3.288 seconds (JVM running for 4.855)
2020-04-13 11:56:52.304  INFO 17396 --- [main] com.lgr.BlogApplication             : Starting BlogApplication on LAPTOP-SG60U5TO with PID 17396 (D:\Blog\blog\target\classes started by MacieSerenity in D:\Blog\blog)
2020-04-13 11:56:52.309  INFO 17396 --- [main] com.lgr.BlogApplication             : The following profiles are active: pro
2020-04-13 11:56:54.320  INFO 17396 --- [main] com.lgr.BlogApplication             : Started BlogApplication in 2.445 seconds (JVM running for 3.975)
2020-04-13 12:15:22.939  INFO 9916 --- [main] com.lgr.BlogApplication             : Starting BlogApplication on LAPTOP-SG60U5TO with PID 9916 (D:\Blog\blog\target\classes started by MacieSerenity in D:\Blog\blog)
2020-04-13 12:15:22.941  INFO 9916 --- [main] com.lgr.BlogApplication             : The following profiles are active: pro
2020-04-13 12:15:24.452  INFO 9916 --- [main] com.lgr.BlogApplication             : Started BlogApplication in 1.906 seconds (JVM running for 3.295)
2020-04-13 12:19:48.304  INFO 17440 --- [main] com.lgr.BlogApplication             : Starting BlogApplication on LAPTOP-SG60U5TO with PID 17440 (D:\Blog\blog\target\classes started by MacieSerenity in D:\Blog\blog)
2020-04-13 12:19:48.307  INFO 17440 --- [main] com.lgr.BlogApplication             : The following profiles are active: pro
2020-04-13 12:19:50.905  INFO 17440 --- [main] com.lgr.BlogApplication             : Started BlogApplication in 3.109 seconds (JVM running for 4.943)
2020-04-13 12:28:25.280  INFO 29256 --- [main] com.lgr.BlogApplication             : Starting BlogApplication on LAPTOP-SG60U5TO with PID 29256 (D:\Blog\blog\target\classes started by MacieSerenity in D:\Blog\blog)
2020-04-13 12:28:25.283  INFO 29256 --- [main] com.lgr.BlogApplication             : The following profiles are active: pro
2020-04-13 12:28:27.700  INFO 29256 --- [main] com.lgr.BlogApplication             : Started BlogApplication in 2.921 seconds (JVM running for 4.807)
2020-04-13 12:30:02.049  INFO 26948 --- [main] com.lgr.BlogApplication             : Starting BlogApplication on LAPTOP-SG60U5TO with PID 26948 (D:\Blog\blog\target\classes started by MacieSerenity in D:\Blog\blog)
2020-04-13 12:30:02.054  INFO 26948 --- [main] com.lgr.BlogApplication             : The following profiles are active: pro
2020-04-13 12:30:04.184  INFO 26948 --- [main] com.lgr.BlogApplication             : Started BlogApplication in 2.615 seconds (JVM running for 4.133)
2020-04-13 12:32:10.483  INFO 5744 --- [main] com.lgr.BlogApplication             : Starting BlogApplication on LAPTOP-SG60U5TO with PID 5744 (D:\Blog\blog\target\classes started by MacieSerenity in D:\Blog\blog)
2020-04-13 12:32:10.486  INFO 5744 --- [main] com.lgr.BlogApplication             : The following profiles are active: pro
2020-04-13 12:32:13.441  INFO 5744 --- [main] com.lgr.BlogApplication             : Started BlogApplication in 3.409 seconds (JVM running for 4.962)
2020-04-13 12:32:27.736  INFO 5744 --- [http-nio-8080-exec-1] com.lgr.Aspect.LogAspect                 : ----------doBefore----------
2020-04-13 12:32:27.745  INFO 5744 --- [http-nio-8080-exec-1] com.lgr.Aspect.LogAspect                 : ----------doAfter----------
2020-04-13 12:32:27.745  INFO 5744 --- [http-nio-8080-exec-1] com.lgr.Aspect.LogAspect                 : Result : {}id: 1,name1
2020-04-13 12:51:59.299  INFO 5744 --- [http-nio-8080-exec-3] com.lgr.Aspect.LogAspect                 : ----------doBefore----------
2020-04-13 12:51:59.300  INFO 5744 --- [http-nio-8080-exec-3] com.lgr.Aspect.LogAspect                 : ----------doAfter----------
2020-04-13 12:51:59.301  INFO 5744 --- [http-nio-8080-exec-3] com.lgr.Aspect.LogAspect                 : Result : {}id: 1,name1
2020-04-13 12:52:54.820  INFO 18428 --- [main] com.lgr.BlogApplication             : Starting BlogApplication on LAPTOP-SG60U5TO with PID 18428 (D:\Blog\blog\target\classes started by MacieSerenity in D:\Blog\blog)
2020-04-13 12:52:54.824  INFO 18428 --- [main] com.lgr.BlogApplication             : The following profiles are active: pro
2020-04-13 12:52:58.763  INFO 18428 --- [main] com.lgr.BlogApplication             : Started BlogApplication in 4.509 seconds (JVM running for 6.189)
2020-04-13 12:52:59.945  INFO 18428 --- [http-nio-8080-exec-1] com.lgr.Aspect.LogAspect                 : Request:RequestLog{url='/1/1', ip='127.0.0.1', classMethod='com.lgr.web.IndexController.index', args=[1, 1]}
2020-04-13 12:52:59.978  INFO 18428 --- [http-nio-8080-exec-1] com.lgr.Aspect.LogAspect                 : ----------doAfter----------
2020-04-13 12:52:59.979  INFO 18428 --- [http-nio-8080-exec-1] com.lgr.Aspect.LogAspect                 : Result : {}id: 1,name1
2020-04-13 14:26:44.766  INFO 19712 --- [main] com.lgr.BlogApplication             : Starting BlogApplication on LAPTOP-SG60U5TO with PID 19712 (D:\Blog\blog\target\classes started by MacieSerenity in D:\Blog\blog)
2020-04-13 14:26:44.770  INFO 19712 --- [main] com.lgr.BlogApplication             : The following profiles are active: pro
2020-04-13 14:26:47.825  INFO 19712 --- [main] com.lgr.BlogApplication             : Started BlogApplication in 3.496 seconds (JVM running for 5.18)
2020-04-13 14:27:36.846  INFO 13232 --- [main] com.lgr.BlogApplication             : Starting BlogApplication on LAPTOP-SG60U5TO with PID 13232 (D:\Blog\blog\target\classes started by MacieSerenity in D:\Blog\blog)
2020-04-13 14:27:36.849  INFO 13232 --- [main] com.lgr.BlogApplication             : The following profiles are active: pro
2020-04-13 14:27:39.953  INFO 13232 --- [main] com.lgr.BlogApplication             : Started BlogApplication in 3.676 seconds (JVM running for 5.56)
